<?xml version="1.0" encoding="UTF-8"?>
<testsuite name="com.example.controller.TeamInfoController" tests="1" skipped="0" failures="0" errors="0" timestamp="2023-02-20T09:06:48" hostname="DESKTOP-FL3FUE6" time="1.351">
  <properties/>
  <testcase name="getTeamInfo_BasicTest()" classname="com.example.controller.TeamInfoController" time="1.351"/>
  <system-out><![CDATA[17:06:45.800 [Test worker] DEBUG org.springframework.boot.test.context.SpringBootTestContextBootstrapper - Neither @ContextConfiguration nor @ContextHierarchy found for test class [TeamInfoController]: using SpringBootContextLoader
17:06:45.808 [Test worker] DEBUG org.springframework.test.context.support.AbstractContextLoader - Could not detect default resource locations for test class [com.example.controller.TeamInfoController]: no resource found for suffixes {-context.xml, Context.groovy}.
17:06:45.809 [Test worker] INFO org.springframework.test.context.support.AnnotationConfigContextLoaderUtils - Could not detect default configuration classes for test class [com.example.controller.TeamInfoController]: TeamInfoController does not declare any static, non-private, non-final, nested classes annotated with @Configuration.
17:06:45.872 [Test worker] DEBUG org.springframework.boot.test.context.SpringBootTestContextBootstrapper - Using ContextCustomizers for test class [TeamInfoController]: [DisableObservabilityContextCustomizer, PropertyMappingContextCustomizer, Customizer, ImportsContextCustomizer, ExcludeFilterContextCustomizer, DuplicateJsonObjectContextCustomizer, MockitoContextCustomizer, TestRestTemplateContextCustomizer]
17:06:46.008 [Test worker] DEBUG org.springframework.context.annotation.ClassPathScanningCandidateComponentProvider - Identified candidate component class: file [C:\Users\qwe77\Desktop\demo\build\classes\java\main\com\example\DemoApplication.class]
17:06:46.010 [Test worker] INFO org.springframework.boot.test.context.SpringBootTestContextBootstrapper - Found @SpringBootConfiguration com.example.DemoApplication for test class com.example.controller.TeamInfoController
17:06:46.192 [Test worker] DEBUG org.springframework.boot.test.context.SpringBootTestContextBootstrapper - Using TestExecutionListeners for test class [TeamInfoController]: [ServletTestExecutionListener, DirtiesContextBeforeModesTestExecutionListener, ApplicationEventsTestExecutionListener, MockitoTestExecutionListener, DependencyInjectionTestExecutionListener, DirtiesContextTestExecutionListener, TransactionalTestExecutionListener, SqlScriptsTestExecutionListener, EventPublishingTestExecutionListener, RestDocsTestExecutionListener, MockRestServiceServerResetTestExecutionListener, MockMvcPrintOnlyOnFailureTestExecutionListener, WebDriverTestExecutionListener, MockWebServiceServerTestExecutionListener, ResetMocksTestExecutionListener]
17:06:46.194 [Test worker] DEBUG org.springframework.test.context.support.AbstractDirtiesContextTestExecutionListener - Before test class: class [TeamInfoController], class annotated with @DirtiesContext [false] with mode [null]

  .   ____          _            __ _ _
 /\\ / ___'_ __ _ _(_)_ __  __ _ \ \ \ \
( ( )\___ | '_ | '_| | '_ \/ _` | \ \ \ \
 \\/  ___)| |_)| | | | | || (_| |  ) ) ) )
  '  |____| .__|_| |_|_| |_\__, | / / / /
 =========|_|==============|___/=/_/_/_/
 :: Spring Boot ::                (v3.0.2)

2023-02-20T17:06:46.590+08:00  INFO 10324 --- [    Test worker] c.example.controller.TeamInfoController  : Starting TeamInfoController using Java 17.0.6 with PID 10324 (started by qwe77 in C:\Users\qwe77\Desktop\demo)
2023-02-20T17:06:46.592+08:00  INFO 10324 --- [    Test worker] c.example.controller.TeamInfoController  : No active profile set, falling back to 1 default profile: "default"
2023-02-20T17:06:48.803+08:00  INFO 10324 --- [    Test worker] o.s.b.t.m.w.SpringBootMockServletContext : Initializing Spring TestDispatcherServlet ''
2023-02-20T17:06:48.803+08:00  INFO 10324 --- [    Test worker] o.s.t.web.servlet.TestDispatcherServlet  : Initializing Servlet ''
2023-02-20T17:06:48.807+08:00  INFO 10324 --- [    Test worker] o.s.t.web.servlet.TestDispatcherServlet  : Completed initialization in 1 ms
2023-02-20T17:06:48.844+08:00  INFO 10324 --- [    Test worker] c.example.controller.TeamInfoController  : Started TeamInfoController in 2.58 seconds (process running for 4.326)
2023-02-20T17:06:49.585+08:00  INFO 10324 --- [    Test worker] c.example.controller.CrudTestController  : Get TeamInfo
2023-02-20T17:06:49.624+08:00  INFO 10324 --- [    Test worker] com.zaxxer.hikari.HikariDataSource       : HikariPool-1 - Starting...
2023-02-20T17:06:49.934+08:00  INFO 10324 --- [    Test worker] com.zaxxer.hikari.pool.HikariPool        : HikariPool-1 - Added connection org.postgresql.jdbc.PgConnection@47797401
2023-02-20T17:06:49.937+08:00  INFO 10324 --- [    Test worker] com.zaxxer.hikari.HikariDataSource       : HikariPool-1 - Start completed.
]]></system-out>
  <system-err><![CDATA[]]></system-err>
</testsuite>
